# JRE version: Java(TM) SE Runtime Environment (8.0_45-b15) (build 1.8.0_45-b15)
# Java VM: Java HotSpot(TM) 64-Bit Server VM (25.45-b02 mixed mode windows-amd64 compressed oops)
Heap:
 PSYoungGen      total 299520K, used 285075K [0x00000000e0000000, 0x00000000fb100000, 0x0000000100000000)
  eden space 272384K, 94% used [0x00000000e0000000,0x00000000efbeb8e0,0x00000000f0a00000)
  from space 27136K, 99% used [0x00000000f0a00000,0x00000000f2479550,0x00000000f2480000)
  to   space 40960K, 0% used [0x00000000f8900000,0x00000000f8900000,0x00000000fb100000)
 ParOldGen       total 117760K, used 83808K [0x00000000a0000000, 0x00000000a7300000, 0x00000000e0000000)
  object space 117760K, 71% used [0x00000000a0000000,0x00000000a51d80d0,0x00000000a7300000)
 Metaspace       used 74181K, capacity 78548K, committed 78720K, reserved 1116160K
  class space    used 10082K, capacity 11088K, committed 11136K, reserved 1048576K
GC Heap History (10 events):
Event: 118.394 GC heap before
{Heap before GC invocations=14 (full 2):
 PSYoungGen      total 199680K, used 46917K [0x00000000e0000000, 0x00000000eef80000, 0x0000000100000000)
  eden space 184320K, 17% used [0x00000000e0000000,0x00000000e1ed49f8,0x00000000eb400000)
  from space 15360K, 99% used [0x00000000eb400000,0x00000000ec2fcb80,0x00000000ec300000)
  to   space 22016K, 0% used [0x00000000eda00000,0x00000000eda00000,0x00000000eef80000)
 ParOldGen       total 73728K, used 34421K [0x00000000a0000000, 0x00000000a4800000, 0x00000000e0000000)
  object space 73728K, 46% used [0x00000000a0000000,0x00000000a219d428,0x00000000a4800000)
 Metaspace       used 56201K, capacity 59086K, committed 59136K, reserved 1099776K
  class space    used 7864K, capacity 8667K, committed 8704K, reserved 1048576K
Event: 118.423 GC heap after
Heap after GC invocations=14 (full 2):
 PSYoungGen      total 223744K, used 6005K [0x00000000e0000000, 0x00000000f1f00000, 0x0000000100000000)
  eden space 201728K, 0% used [0x00000000e0000000,0x00000000e0000000,0x00000000ec500000)
  from space 22016K, 27% used [0x00000000eda00000,0x00000000edfdd520,0x00000000eef80000)
  to   space 21504K, 0% used [0x00000000ec500000,0x00000000ec500000,0x00000000eda00000)
 ParOldGen       total 73728K, used 47603K [0x00000000a0000000, 0x00000000a4800000, 0x00000000e0000000)
  object space 73728K, 64% used [0x00000000a0000000,0x00000000a2e7cce8,0x00000000a4800000)
 Metaspace       used 56201K, capacity 59086K, committed 59136K, reserved 1099776K
  class space    used 7864K, capacity 8667K, committed 8704K, reserved 1048576K
}
Event: 118.423 GC heap before
{Heap before GC invocations=15 (full 3):
 PSYoungGen      total 223744K, used 6005K [0x00000000e0000000, 0x00000000f1f00000, 0x0000000100000000)
  eden space 201728K, 0% used [0x00000000e0000000,0x00000000e0000000,0x00000000ec500000)
  from space 22016K, 27% used [0x00000000eda00000,0x00000000edfdd520,0x00000000eef80000)
  to   space 21504K, 0% used [0x00000000ec500000,0x00000000ec500000,0x00000000eda00000)
 ParOldGen       total 73728K, used 47603K [0x00000000a0000000, 0x00000000a4800000, 0x00000000e0000000)
  object space 73728K, 64% used [0x00000000a0000000,0x00000000a2e7cce8,0x00000000a4800000)
 Metaspace       used 56201K, capacity 59086K, committed 59136K, reserved 1099776K
  class space    used 7864K, capacity 8667K, committed 8704K, reserved 1048576K
Event: 118.837 GC heap after
Heap after GC invocations=15 (full 3):
 PSYoungGen      total 223744K, used 0K [0x00000000e0000000, 0x00000000f1f00000, 0x0000000100000000)
  eden space 201728K, 0% used [0x00000000e0000000,0x00000000e0000000,0x00000000ec500000)
  from space 22016K, 0% used [0x00000000eda00000,0x00000000eda00000,0x00000000eef80000)
  to   space 21504K, 0% used [0x00000000ec500000,0x00000000ec500000,0x00000000eda00000)
 ParOldGen       total 117760K, used 40759K [0x00000000a0000000, 0x00000000a7300000, 0x00000000e0000000)
  object space 117760K, 34% used [0x00000000a0000000,0x00000000a27cdfa8,0x00000000a7300000)
 Metaspace       used 56191K, capacity 59050K, committed 59136K, reserved 1099776K
  class space    used 7860K, capacity 8661K, committed 8704K, reserved 1048576K
}
Event: 125.148 GC heap before
{Heap before GC invocations=16 (full 3):
 PSYoungGen      total 223744K, used 201728K [0x00000000e0000000, 0x00000000f1f00000, 0x0000000100000000)
  eden space 201728K, 100% used [0x00000000e0000000,0x00000000ec500000,0x00000000ec500000)
  from space 22016K, 0% used [0x00000000eda00000,0x00000000eda00000,0x00000000eef80000)
  to   space 21504K, 0% used [0x00000000ec500000,0x00000000ec500000,0x00000000eda00000)
 ParOldGen       total 117760K, used 40759K [0x00000000a0000000, 0x00000000a7300000, 0x00000000e0000000)
  object space 117760K, 34% used [0x00000000a0000000,0x00000000a27cdfa8,0x00000000a7300000)
 Metaspace       used 65534K, capacity 69358K, committed 69504K, reserved 1107968K
  class space    used 9190K, capacity 10099K, committed 10112K, reserved 1048576K
Event: 125.178 GC heap after
Heap after GC invocations=16 (full 3):
 PSYoungGen      total 223232K, used 21483K [0x00000000e0000000, 0x00000000f3d00000, 0x0000000100000000)
  eden space 201728K, 0% used [0x00000000e0000000,0x00000000e0000000,0x00000000ec500000)
  from space 21504K, 99% used [0x00000000ec500000,0x00000000ed9faee0,0x00000000eda00000)
  to   space 25088K, 0% used [0x00000000f2480000,0x00000000f2480000,0x00000000f3d00000)
 ParOldGen       total 117760K, used 42033K [0x00000000a0000000, 0x00000000a7300000, 0x00000000e0000000)
  object space 117760K, 35% used [0x00000000a0000000,0x00000000a290c7c8,0x00000000a7300000)
 Metaspace       used 65534K, capacity 69358K, committed 69504K, reserved 1107968K
  class space    used 9190K, capacity 10099K, committed 10112K, reserved 1048576K
}
Event: 130.189 GC heap before
{Heap before GC invocations=17 (full 3):
 PSYoungGen      total 223232K, used 223211K [0x00000000e0000000, 0x00000000f3d00000, 0x0000000100000000)
  eden space 201728K, 100% used [0x00000000e0000000,0x00000000ec500000,0x00000000ec500000)
  from space 21504K, 99% used [0x00000000ec500000,0x00000000ed9faee0,0x00000000eda00000)
  to   space 25088K, 0% used [0x00000000f2480000,0x00000000f2480000,0x00000000f3d00000)
 ParOldGen       total 117760K, used 42033K [0x00000000a0000000, 0x00000000a7300000, 0x00000000e0000000)
  object space 117760K, 35% used [0x00000000a0000000,0x00000000a290c7c8,0x00000000a7300000)
 Metaspace       used 71050K, capacity 75330K, committed 75392K, reserved 1114112K
  class space    used 9875K, capacity 10865K, committed 10880K, reserved 1048576K
Event: 130.247 GC heap after
Heap after GC invocations=17 (full 3):
 PSYoungGen      total 297472K, used 20287K [0x00000000e0000000, 0x00000000f4000000, 0x0000000100000000)
  eden space 272384K, 0% used [0x00000000e0000000,0x00000000e0000000,0x00000000f0a00000)
  from space 25088K, 80% used [0x00000000f2480000,0x00000000f384fd78,0x00000000f3d00000)
  to   space 27136K, 0% used [0x00000000f0a00000,0x00000000f0a00000,0x00000000f2480000)
 ParOldGen       total 117760K, used 58028K [0x00000000a0000000, 0x00000000a7300000, 0x00000000e0000000)
  object space 117760K, 49% used [0x00000000a0000000,0x00000000a38ab378,0x00000000a7300000)
 Metaspace       used 71050K, capacity 75330K, committed 75392K, reserved 1114112K
  class space    used 9875K, capacity 10865K, committed 10880K, reserved 1048576K
}
Event: 165.835 GC heap before
{Heap before GC invocations=18 (full 3):
 PSYoungGen      total 297472K, used 292671K [0x00000000e0000000, 0x00000000f4000000, 0x0000000100000000)
  eden space 272384K, 100% used [0x00000000e0000000,0x00000000f0a00000,0x00000000f0a00000)
  from space 25088K, 80% used [0x00000000f2480000,0x00000000f384fd78,0x00000000f3d00000)
  to   space 27136K, 0% used [0x00000000f0a00000,0x00000000f0a00000,0x00000000f2480000)
 ParOldGen       total 117760K, used 58028K [0x00000000a0000000, 0x00000000a7300000, 0x00000000e0000000)
  object space 117760K, 49% used [0x00000000a0000000,0x00000000a38ab378,0x00000000a7300000)
 Metaspace       used 73493K, capacity 77774K, committed 77824K, reserved 1116160K
  class space    used 10003K, capacity 10995K, committed 11008K, reserved 1048576K
Event: 165.985 GC heap after
Heap after GC invocations=18 (full 3):
 PSYoungGen      total 299520K, used 27109K [0x00000000e0000000, 0x00000000fb100000, 0x0000000100000000)
  eden space 272384K, 0% used [0x00000000e0000000,0x00000000e0000000,0x00000000f0a00000)
  from space 27136K, 99% used [0x00000000f0a00000,0x00000000f2479550,0x00000000f2480000)
  to   space 40960K, 0% used [0x00000000f8900000,0x00000000f8900000,0x00000000fb100000)
 ParOldGen       total 117760K, used 83808K [0x00000000a0000000, 0x00000000a7300000, 0x00000000e0000000)
  object space 117760K, 71% used [0x00000000a0000000,0x00000000a51d80d0,0x00000000a7300000)
 Metaspace       used 73493K, capacity 77774K, committed 77824K, reserved 1116160K
  class space    used 10003K, capacity 10995K, committed 11008K, reserved 1048576K
}

